0 info it worked if it ends with ok
1 verbose cli [ 'C:\\Program Files\\nodejs\\node.exe',
1 verbose cli   'C:\\Program Files\\nodejs\\node_modules\\npm\\bin\\npm-cli.js',
1 verbose cli   'run',
1 verbose cli   'build' ]
2 info using npm@3.10.10
3 info using node@v6.11.2
4 verbose run-script [ 'prebuild', 'build', 'postbuild' ]
5 info lifecycle h2oclock-client@0.0.0~prebuild: h2oclock-client@0.0.0
6 silly lifecycle h2oclock-client@0.0.0~prebuild: no script for prebuild, continuing
7 info lifecycle h2oclock-client@0.0.0~build: h2oclock-client@0.0.0
8 verbose lifecycle h2oclock-client@0.0.0~build: unsafe-perm in lifecycle true
9 verbose lifecycle h2oclock-client@0.0.0~build: PATH: C:\Program Files\nodejs\node_modules\npm\bin\node-gyp-bin;C:\Users\shawn\Documents\JS Course\h2oclock-container\h2oclock-client\node_modules\.bin;C:\Program Files (x86)\NVIDIA Corporation\PhysX\Common;C:\WINDOWS\system32;C:\WINDOWS;C:\WINDOWS\System32\Wbem;C:\WINDOWS\System32\WindowsPowerShell\v1.0\;C:\WINDOWS\system32\config\systemprofile\.dnx\bin;C:\Program Files\Microsoft DNX\Dnvm\;C:\Program Files\Git\cmd;C:\Program Files\nodejs\;C:\Program Files\MongoDB\Server\3.4\bin\;C:\Program Files\PuTTY\;C:\Program Files (x86)\Microsoft VS Code\bin;C:\Users\shawn\AppData\Local\Microsoft\WindowsApps;C:\Users\shawn\AppData\Roaming\npm;C:\Users\shawn\AppData\Local\atom\bin
10 verbose lifecycle h2oclock-client@0.0.0~build: CWD: C:\Users\shawn\Documents\JS Course\h2oclock-container\h2oclock-client
11 silly lifecycle h2oclock-client@0.0.0~build: Args: [ '/d /s /c', 'webpack -p' ]
12 silly lifecycle h2oclock-client@0.0.0~build: Returned: code: 2  signal: null
13 info lifecycle h2oclock-client@0.0.0~build: Failed to exec build script
14 verbose stack Error: h2oclock-client@0.0.0 build: `webpack -p`
14 verbose stack Exit status 2
14 verbose stack     at EventEmitter.<anonymous> (C:\Program Files\nodejs\node_modules\npm\lib\utils\lifecycle.js:255:16)
14 verbose stack     at emitTwo (events.js:106:13)
14 verbose stack     at EventEmitter.emit (events.js:191:7)
14 verbose stack     at ChildProcess.<anonymous> (C:\Program Files\nodejs\node_modules\npm\lib\utils\spawn.js:40:14)
14 verbose stack     at emitTwo (events.js:106:13)
14 verbose stack     at ChildProcess.emit (events.js:191:7)
14 verbose stack     at maybeClose (internal/child_process.js:891:16)
14 verbose stack     at Process.ChildProcess._handle.onexit (internal/child_process.js:226:5)
15 verbose pkgid h2oclock-client@0.0.0
16 verbose cwd C:\Users\shawn\Documents\JS Course\h2oclock-container\h2oclock-client
17 error Windows_NT 10.0.15063
18 error argv "C:\\Program Files\\nodejs\\node.exe" "C:\\Program Files\\nodejs\\node_modules\\npm\\bin\\npm-cli.js" "run" "build"
19 error node v6.11.2
20 error npm  v3.10.10
21 error code ELIFECYCLE
22 error h2oclock-client@0.0.0 build: `webpack -p`
22 error Exit status 2
23 error Failed at the h2oclock-client@0.0.0 build script 'webpack -p'.
23 error Make sure you have the latest version of node.js and npm installed.
23 error If you do, this is most likely a problem with the h2oclock-client package,
23 error not with npm itself.
23 error Tell the author that this fails on your system:
23 error     webpack -p
23 error You can get information on how to open an issue for this project with:
23 error     npm bugs h2oclock-client
23 error Or if that isn't available, you can get their info via:
23 error     npm owner ls h2oclock-client
23 error There is likely additional logging output above.
24 verbose exit [ 1, true ]
